C:\USERS\PRDFSI\DOCUMENTS\VISUAL STUDIO 2012\PROJECTS\ALOCACAOC\ALOCACAOC\DEBUG\ALOCACAO.OBJ
C:\USERS\PRDFSI\DOCUMENTS\VISUAL STUDIO 2012\PROJECTS\ALOCACAOC\ALOCACAOC\DEBUG\HASHTABLE.OBJ
C:\USERS\PRDFSI\DOCUMENTS\VISUAL STUDIO 2012\PROJECTS\ALOCACAOC\ALOCACAOC\DEBUG\VC110.PDB
C:\USERS\PRDFSI\DOCUMENTS\VISUAL STUDIO 2012\PROJECTS\ALOCACAOC\DEBUG\ALOCACAOC.ILK
C:\USERS\PRDFSI\DOCUMENTS\VISUAL STUDIO 2012\PROJECTS\ALOCACAOC\DEBUG\ALOCACAOC.EXE
C:\USERS\PRDFSI\DOCUMENTS\VISUAL STUDIO 2012\PROJECTS\ALOCACAOC\DEBUG\ALOCACAOC.PDB
c:\Users\prdfsi\documents\visual studio 2012\Projects\AlocacaoC\AlocacaoC\Debug\alocacao.obj
c:\Users\prdfsi\documents\visual studio 2012\Projects\AlocacaoC\AlocacaoC\Debug\hashtable.obj
c:\Users\prdfsi\documents\visual studio 2012\Projects\AlocacaoC\AlocacaoC\Debug\cl.command.1.tlog
c:\Users\prdfsi\documents\visual studio 2012\Projects\AlocacaoC\AlocacaoC\Debug\CL.read.1.tlog
c:\Users\prdfsi\documents\visual studio 2012\Projects\AlocacaoC\AlocacaoC\Debug\CL.write.1.tlog
c:\Users\prdfsi\documents\visual studio 2012\Projects\AlocacaoC\AlocacaoC\Debug\link-cvtres.read.1.tlog
c:\Users\prdfsi\documents\visual studio 2012\Projects\AlocacaoC\AlocacaoC\Debug\link-cvtres.write.1.tlog
c:\Users\prdfsi\documents\visual studio 2012\Projects\AlocacaoC\AlocacaoC\Debug\link-rc.read.1.tlog
c:\Users\prdfsi\documents\visual studio 2012\Projects\AlocacaoC\AlocacaoC\Debug\link-rc.write.1.tlog
c:\Users\prdfsi\documents\visual studio 2012\Projects\AlocacaoC\AlocacaoC\Debug\link.command.1.tlog
c:\Users\prdfsi\documents\visual studio 2012\Projects\AlocacaoC\AlocacaoC\Debug\link.read.1.tlog
c:\Users\prdfsi\documents\visual studio 2012\Projects\AlocacaoC\AlocacaoC\Debug\link.write.1.tlog
c:\Users\prdfsi\documents\visual studio 2012\Projects\AlocacaoC\AlocacaoC\Debug\vc110.idb
c:\Users\prdfsi\documents\visual studio 2012\Projects\AlocacaoC\AlocacaoC\Debug\vc110.pdb
c:\users\prdfsi\documents\visual studio 2012\Projects\AlocacaoC\Debug\AlocacaoC.pdb
c:\users\prdfsi\documents\visual studio 2012\Projects\AlocacaoC\Debug\AlocacaoC.exe
c:\users\prdfsi\documents\visual studio 2012\Projects\AlocacaoC\Debug\AlocacaoC.ilk
