Build started 13/07/2017 14:58:04.
     1>Project "D:\_SubVersion\SEEDUC\LabConexao\Projetos\IntegracaoMatriculaConexao\AlocacaoC\AlocacaoC\AlocacaoC.vcxproj" on node 2 (Build target(s)).
     1>ClCompile:
         C:\Program Files (x86)\Microsoft Visual Studio 11.0\VC\bin\CL.exe /c /ZI /nologo /W3 /WX- /Od /Oy- /D WIN32 /D _DEBUG /D _CONSOLE /D _UNICODE /D UNICODE /Gm /EHsc /RTC1 /MDd /GS /fp:precise /Zc:wchar_t /Zc:forScope /Fo"Debug\\" /Fd"Debug\vc110.pdb" /Gd /TC /analyze- /errorReport:prompt alocacao.c
         alocacao.c
     1>d:\_subversion\seeduc\labconexao\projetos\integracaomatriculaconexao\alocacaoc\alocacaoc\alocacao.c(139): warning C4996: 'sprintf': This function or variable may be unsafe. Consider using sprintf_s instead. To disable deprecation, use _CRT_SECURE_NO_WARNINGS. See online help for details.
                 c:\program files (x86)\microsoft visual studio 11.0\vc\include\stdio.h(357) : see declaration of 'sprintf'
     1>d:\_subversion\seeduc\labconexao\projetos\integracaomatriculaconexao\alocacaoc\alocacaoc\alocacao.c(140): warning C4996: 'sprintf': This function or variable may be unsafe. Consider using sprintf_s instead. To disable deprecation, use _CRT_SECURE_NO_WARNINGS. See online help for details.
                 c:\program files (x86)\microsoft visual studio 11.0\vc\include\stdio.h(357) : see declaration of 'sprintf'
     1>d:\_subversion\seeduc\labconexao\projetos\integracaomatriculaconexao\alocacaoc\alocacaoc\alocacao.c(162): warning C4996: 'localtime': This function or variable may be unsafe. Consider using localtime_s instead. To disable deprecation, use _CRT_SECURE_NO_WARNINGS. See online help for details.
                 c:\program files (x86)\microsoft visual studio 11.0\vc\include\time.inl(112) : see declaration of 'localtime'
     1>d:\_subversion\seeduc\labconexao\projetos\integracaomatriculaconexao\alocacaoc\alocacaoc\alocacao.c(163): warning C4996: 'sprintf': This function or variable may be unsafe. Consider using sprintf_s instead. To disable deprecation, use _CRT_SECURE_NO_WARNINGS. See online help for details.
                 c:\program files (x86)\microsoft visual studio 11.0\vc\include\stdio.h(357) : see declaration of 'sprintf'
     1>d:\_subversion\seeduc\labconexao\projetos\integracaomatriculaconexao\alocacaoc\alocacaoc\alocacao.c(206): warning C4996: 'strcpy': This function or variable may be unsafe. Consider using strcpy_s instead. To disable deprecation, use _CRT_SECURE_NO_WARNINGS. See online help for details.
                 c:\program files (x86)\microsoft visual studio 11.0\vc\include\string.h(110) : see declaration of 'strcpy'
     1>d:\_subversion\seeduc\labconexao\projetos\integracaomatriculaconexao\alocacaoc\alocacaoc\alocacao.c(207): warning C4996: 'strcat': This function or variable may be unsafe. Consider using strcat_s instead. To disable deprecation, use _CRT_SECURE_NO_WARNINGS. See online help for details.
                 c:\program files (x86)\microsoft visual studio 11.0\vc\include\string.h(115) : see declaration of 'strcat'
     1>d:\_subversion\seeduc\labconexao\projetos\integracaomatriculaconexao\alocacaoc\alocacaoc\alocacao.c(208): warning C4996: 'strcat': This function or variable may be unsafe. Consider using strcat_s instead. To disable deprecation, use _CRT_SECURE_NO_WARNINGS. See online help for details.
                 c:\program files (x86)\microsoft visual studio 11.0\vc\include\string.h(115) : see declaration of 'strcat'
     1>d:\_subversion\seeduc\labconexao\projetos\integracaomatriculaconexao\alocacaoc\alocacaoc\alocacao.c(210): warning C4996: 'fopen': This function or variable may be unsafe. Consider using fopen_s instead. To disable deprecation, use _CRT_SECURE_NO_WARNINGS. See online help for details.
                 c:\program files (x86)\microsoft visual studio 11.0\vc\include\stdio.h(218) : see declaration of 'fopen'
     1>d:\_subversion\seeduc\labconexao\projetos\integracaomatriculaconexao\alocacaoc\alocacaoc\alocacao.c(215): warning C4996: 'strcpy': This function or variable may be unsafe. Consider using strcpy_s instead. To disable deprecation, use _CRT_SECURE_NO_WARNINGS. See online help for details.
                 c:\program files (x86)\microsoft visual studio 11.0\vc\include\string.h(110) : see declaration of 'strcpy'
     1>d:\_subversion\seeduc\labconexao\projetos\integracaomatriculaconexao\alocacaoc\alocacaoc\alocacao.c(216): warning C4996: 'strcat': This function or variable may be unsafe. Consider using strcat_s instead. To disable deprecation, use _CRT_SECURE_NO_WARNINGS. See online help for details.
                 c:\program files (x86)\microsoft visual studio 11.0\vc\include\string.h(115) : see declaration of 'strcat'
     1>d:\_subversion\seeduc\labconexao\projetos\integracaomatriculaconexao\alocacaoc\alocacaoc\alocacao.c(217): warning C4996: 'strcat': This function or variable may be unsafe. Consider using strcat_s instead. To disable deprecation, use _CRT_SECURE_NO_WARNINGS. See online help for details.
                 c:\program files (x86)\microsoft visual studio 11.0\vc\include\string.h(115) : see declaration of 'strcat'
     1>d:\_subversion\seeduc\labconexao\projetos\integracaomatriculaconexao\alocacaoc\alocacaoc\alocacao.c(218): warning C4996: 'strcat': This function or variable may be unsafe. Consider using strcat_s instead. To disable deprecation, use _CRT_SECURE_NO_WARNINGS. See online help for details.
                 c:\program files (x86)\microsoft visual studio 11.0\vc\include\string.h(115) : see declaration of 'strcat'
     1>d:\_subversion\seeduc\labconexao\projetos\integracaomatriculaconexao\alocacaoc\alocacaoc\alocacao.c(240): warning C4996: 'strcpy': This function or variable may be unsafe. Consider using strcpy_s instead. To disable deprecation, use _CRT_SECURE_NO_WARNINGS. See online help for details.
                 c:\program files (x86)\microsoft visual studio 11.0\vc\include\string.h(110) : see declaration of 'strcpy'
     1>d:\_subversion\seeduc\labconexao\projetos\integracaomatriculaconexao\alocacaoc\alocacaoc\alocacao.c(241): warning C4996: 'strcat': This function or variable may be unsafe. Consider using strcat_s instead. To disable deprecation, use _CRT_SECURE_NO_WARNINGS. See online help for details.
                 c:\program files (x86)\microsoft visual studio 11.0\vc\include\string.h(115) : see declaration of 'strcat'
     1>d:\_subversion\seeduc\labconexao\projetos\integracaomatriculaconexao\alocacaoc\alocacaoc\alocacao.c(242): warning C4996: 'strcat': This function or variable may be unsafe. Consider using strcat_s instead. To disable deprecation, use _CRT_SECURE_NO_WARNINGS. See online help for details.
                 c:\program files (x86)\microsoft visual studio 11.0\vc\include\string.h(115) : see declaration of 'strcat'
     1>d:\_subversion\seeduc\labconexao\projetos\integracaomatriculaconexao\alocacaoc\alocacaoc\alocacao.c(244): warning C4996: 'fopen': This function or variable may be unsafe. Consider using fopen_s instead. To disable deprecation, use _CRT_SECURE_NO_WARNINGS. See online help for details.
                 c:\program files (x86)\microsoft visual studio 11.0\vc\include\stdio.h(218) : see declaration of 'fopen'
     1>d:\_subversion\seeduc\labconexao\projetos\integracaomatriculaconexao\alocacaoc\alocacaoc\alocacao.c(249): warning C4996: 'strcpy': This function or variable may be unsafe. Consider using strcpy_s instead. To disable deprecation, use _CRT_SECURE_NO_WARNINGS. See online help for details.
                 c:\program files (x86)\microsoft visual studio 11.0\vc\include\string.h(110) : see declaration of 'strcpy'
     1>d:\_subversion\seeduc\labconexao\projetos\integracaomatriculaconexao\alocacaoc\alocacaoc\alocacao.c(250): warning C4996: 'strcat': This function or variable may be unsafe. Consider using strcat_s instead. To disable deprecation, use _CRT_SECURE_NO_WARNINGS. See online help for details.
                 c:\program files (x86)\microsoft visual studio 11.0\vc\include\string.h(115) : see declaration of 'strcat'
     1>d:\_subversion\seeduc\labconexao\projetos\integracaomatriculaconexao\alocacaoc\alocacaoc\alocacao.c(251): warning C4996: 'strcat': This function or variable may be unsafe. Consider using strcat_s instead. To disable deprecation, use _CRT_SECURE_NO_WARNINGS. See online help for details.
                 c:\program files (x86)\microsoft visual studio 11.0\vc\include\string.h(115) : see declaration of 'strcat'
     1>d:\_subversion\seeduc\labconexao\projetos\integracaomatriculaconexao\alocacaoc\alocacaoc\alocacao.c(252): warning C4996: 'strcat': This function or variable may be unsafe. Consider using strcat_s instead. To disable deprecation, use _CRT_SECURE_NO_WARNINGS. See online help for details.
                 c:\program files (x86)\microsoft visual studio 11.0\vc\include\string.h(115) : see declaration of 'strcat'
     1>d:\_subversion\seeduc\labconexao\projetos\integracaomatriculaconexao\alocacaoc\alocacaoc\alocacao.c(253): warning C4996: 'strcat': This function or variable may be unsafe. Consider using strcat_s instead. To disable deprecation, use _CRT_SECURE_NO_WARNINGS. See online help for details.
                 c:\program files (x86)\microsoft visual studio 11.0\vc\include\string.h(115) : see declaration of 'strcat'
     1>d:\_subversion\seeduc\labconexao\projetos\integracaomatriculaconexao\alocacaoc\alocacaoc\alocacao.c(254): warning C4996: 'strcat': This function or variable may be unsafe. Consider using strcat_s instead. To disable deprecation, use _CRT_SECURE_NO_WARNINGS. See online help for details.
                 c:\program files (x86)\microsoft visual studio 11.0\vc\include\string.h(115) : see declaration of 'strcat'
     1>d:\_subversion\seeduc\labconexao\projetos\integracaomatriculaconexao\alocacaoc\alocacaoc\alocacao.c(264): warning C4996: 'strcpy': This function or variable may be unsafe. Consider using strcpy_s instead. To disable deprecation, use _CRT_SECURE_NO_WARNINGS. See online help for details.
                 c:\program files (x86)\microsoft visual studio 11.0\vc\include\string.h(110) : see declaration of 'strcpy'
     1>d:\_subversion\seeduc\labconexao\projetos\integracaomatriculaconexao\alocacaoc\alocacaoc\alocacao.c(305): warning C4996: 'strcpy': This function or variable may be unsafe. Consider using strcpy_s instead. To disable deprecation, use _CRT_SECURE_NO_WARNINGS. See online help for details.
                 c:\program files (x86)\microsoft visual studio 11.0\vc\include\string.h(110) : see declaration of 'strcpy'
     1>d:\_subversion\seeduc\labconexao\projetos\integracaomatriculaconexao\alocacaoc\alocacaoc\alocacao.c(324): warning C4996: 'strcpy': This function or variable may be unsafe. Consider using strcpy_s instead. To disable deprecation, use _CRT_SECURE_NO_WARNINGS. See online help for details.
                 c:\program files (x86)\microsoft visual studio 11.0\vc\include\string.h(110) : see declaration of 'strcpy'
     1>d:\_subversion\seeduc\labconexao\projetos\integracaomatriculaconexao\alocacaoc\alocacaoc\alocacao.c(326): warning C4996: 'strcpy': This function or variable may be unsafe. Consider using strcpy_s instead. To disable deprecation, use _CRT_SECURE_NO_WARNINGS. See online help for details.
                 c:\program files (x86)\microsoft visual studio 11.0\vc\include\string.h(110) : see declaration of 'strcpy'
     1>d:\_subversion\seeduc\labconexao\projetos\integracaomatriculaconexao\alocacaoc\alocacaoc\alocacao.c(327): warning C4996: 'strcat': This function or variable may be unsafe. Consider using strcat_s instead. To disable deprecation, use _CRT_SECURE_NO_WARNINGS. See online help for details.
                 c:\program files (x86)\microsoft visual studio 11.0\vc\include\string.h(115) : see declaration of 'strcat'
     1>d:\_subversion\seeduc\labconexao\projetos\integracaomatriculaconexao\alocacaoc\alocacaoc\alocacao.c(328): warning C4996: 'strcat': This function or variable may be unsafe. Consider using strcat_s instead. To disable deprecation, use _CRT_SECURE_NO_WARNINGS. See online help for details.
                 c:\program files (x86)\microsoft visual studio 11.0\vc\include\string.h(115) : see declaration of 'strcat'
     1>d:\_subversion\seeduc\labconexao\projetos\integracaomatriculaconexao\alocacaoc\alocacaoc\alocacao.c(330): warning C4996: 'fopen': This function or variable may be unsafe. Consider using fopen_s instead. To disable deprecation, use _CRT_SECURE_NO_WARNINGS. See online help for details.
                 c:\program files (x86)\microsoft visual studio 11.0\vc\include\stdio.h(218) : see declaration of 'fopen'
     1>d:\_subversion\seeduc\labconexao\projetos\integracaomatriculaconexao\alocacaoc\alocacaoc\alocacao.c(331): warning C4996: 'strcpy': This function or variable may be unsafe. Consider using strcpy_s instead. To disable deprecation, use _CRT_SECURE_NO_WARNINGS. See online help for details.
                 c:\program files (x86)\microsoft visual studio 11.0\vc\include\string.h(110) : see declaration of 'strcpy'
     1>d:\_subversion\seeduc\labconexao\projetos\integracaomatriculaconexao\alocacaoc\alocacaoc\alocacao.c(332): warning C4996: 'strcat': This function or variable may be unsafe. Consider using strcat_s instead. To disable deprecation, use _CRT_SECURE_NO_WARNINGS. See online help for details.
                 c:\program files (x86)\microsoft visual studio 11.0\vc\include\string.h(115) : see declaration of 'strcat'
     1>d:\_subversion\seeduc\labconexao\projetos\integracaomatriculaconexao\alocacaoc\alocacaoc\alocacao.c(333): warning C4996: 'strcat': This function or variable may be unsafe. Consider using strcat_s instead. To disable deprecation, use _CRT_SECURE_NO_WARNINGS. See online help for details.
                 c:\program files (x86)\microsoft visual studio 11.0\vc\include\string.h(115) : see declaration of 'strcat'
     1>d:\_subversion\seeduc\labconexao\projetos\integracaomatriculaconexao\alocacaoc\alocacaoc\alocacao.c(346): warning C4996: 'strcpy': This function or variable may be unsafe. Consider using strcpy_s instead. To disable deprecation, use _CRT_SECURE_NO_WARNINGS. See online help for details.
                 c:\program files (x86)\microsoft visual studio 11.0\vc\include\string.h(110) : see declaration of 'strcpy'
     1>d:\_subversion\seeduc\labconexao\projetos\integracaomatriculaconexao\alocacaoc\alocacaoc\alocacao.c(321): warning C4101: 'ret' : unreferenced local variable
     1>d:\_subversion\seeduc\labconexao\projetos\integracaomatriculaconexao\alocacaoc\alocacaoc\alocacao.c(370): warning C4996: 'strcpy': This function or variable may be unsafe. Consider using strcpy_s instead. To disable deprecation, use _CRT_SECURE_NO_WARNINGS. See online help for details.
                 c:\program files (x86)\microsoft visual studio 11.0\vc\include\string.h(110) : see declaration of 'strcpy'
     1>d:\_subversion\seeduc\labconexao\projetos\integracaomatriculaconexao\alocacaoc\alocacaoc\alocacao.c(372): warning C4996: 'strcpy': This function or variable may be unsafe. Consider using strcpy_s instead. To disable deprecation, use _CRT_SECURE_NO_WARNINGS. See online help for details.
                 c:\program files (x86)\microsoft visual studio 11.0\vc\include\string.h(110) : see declaration of 'strcpy'
     1>d:\_subversion\seeduc\labconexao\projetos\integracaomatriculaconexao\alocacaoc\alocacaoc\alocacao.c(373): warning C4996: 'strcat': This function or variable may be unsafe. Consider using strcat_s instead. To disable deprecation, use _CRT_SECURE_NO_WARNINGS. See online help for details.
                 c:\program files (x86)\microsoft visual studio 11.0\vc\include\string.h(115) : see declaration of 'strcat'
     1>d:\_subversion\seeduc\labconexao\projetos\integracaomatriculaconexao\alocacaoc\alocacaoc\alocacao.c(374): warning C4996: 'strcat': This function or variable may be unsafe. Consider using strcat_s instead. To disable deprecation, use _CRT_SECURE_NO_WARNINGS. See online help for details.
                 c:\program files (x86)\microsoft visual studio 11.0\vc\include\string.h(115) : see declaration of 'strcat'
     1>d:\_subversion\seeduc\labconexao\projetos\integracaomatriculaconexao\alocacaoc\alocacaoc\alocacao.c(376): warning C4996: 'fopen': This function or variable may be unsafe. Consider using fopen_s instead. To disable deprecation, use _CRT_SECURE_NO_WARNINGS. See online help for details.
                 c:\program files (x86)\microsoft visual studio 11.0\vc\include\stdio.h(218) : see declaration of 'fopen'
     1>d:\_subversion\seeduc\labconexao\projetos\integracaomatriculaconexao\alocacaoc\alocacaoc\alocacao.c(377): warning C4996: 'strcpy': This function or variable may be unsafe. Consider using strcpy_s instead. To disable deprecation, use _CRT_SECURE_NO_WARNINGS. See online help for details.
                 c:\program files (x86)\microsoft visual studio 11.0\vc\include\string.h(110) : see declaration of 'strcpy'
     1>d:\_subversion\seeduc\labconexao\projetos\integracaomatriculaconexao\alocacaoc\alocacaoc\alocacao.c(378): warning C4996: 'strcat': This function or variable may be unsafe. Consider using strcat_s instead. To disable deprecation, use _CRT_SECURE_NO_WARNINGS. See online help for details.
                 c:\program files (x86)\microsoft visual studio 11.0\vc\include\string.h(115) : see declaration of 'strcat'
     1>d:\_subversion\seeduc\labconexao\projetos\integracaomatriculaconexao\alocacaoc\alocacaoc\alocacao.c(379): warning C4996: 'strcat': This function or variable may be unsafe. Consider using strcat_s instead. To disable deprecation, use _CRT_SECURE_NO_WARNINGS. See online help for details.
                 c:\program files (x86)\microsoft visual studio 11.0\vc\include\string.h(115) : see declaration of 'strcat'
     1>d:\_subversion\seeduc\labconexao\projetos\integracaomatriculaconexao\alocacaoc\alocacaoc\alocacao.c(391): warning C4996: 'strcpy': This function or variable may be unsafe. Consider using strcpy_s instead. To disable deprecation, use _CRT_SECURE_NO_WARNINGS. See online help for details.
                 c:\program files (x86)\microsoft visual studio 11.0\vc\include\string.h(110) : see declaration of 'strcpy'
     1>d:\_subversion\seeduc\labconexao\projetos\integracaomatriculaconexao\alocacaoc\alocacaoc\alocacao.c(366): warning C4101: 'ret' : unreferenced local variable
     1>d:\_subversion\seeduc\labconexao\projetos\integracaomatriculaconexao\alocacaoc\alocacaoc\alocacao.c(414): warning C4996: 'strcpy': This function or variable may be unsafe. Consider using strcpy_s instead. To disable deprecation, use _CRT_SECURE_NO_WARNINGS. See online help for details.
                 c:\program files (x86)\microsoft visual studio 11.0\vc\include\string.h(110) : see declaration of 'strcpy'
     1>d:\_subversion\seeduc\labconexao\projetos\integracaomatriculaconexao\alocacaoc\alocacaoc\alocacao.c(416): warning C4996: 'strcpy': This function or variable may be unsafe. Consider using strcpy_s instead. To disable deprecation, use _CRT_SECURE_NO_WARNINGS. See online help for details.
                 c:\program files (x86)\microsoft visual studio 11.0\vc\include\string.h(110) : see declaration of 'strcpy'
     1>d:\_subversion\seeduc\labconexao\projetos\integracaomatriculaconexao\alocacaoc\alocacaoc\alocacao.c(417): warning C4996: 'strcat': This function or variable may be unsafe. Consider using strcat_s instead. To disable deprecation, use _CRT_SECURE_NO_WARNINGS. See online help for details.
                 c:\program files (x86)\microsoft visual studio 11.0\vc\include\string.h(115) : see declaration of 'strcat'
     1>d:\_subversion\seeduc\labconexao\projetos\integracaomatriculaconexao\alocacaoc\alocacaoc\alocacao.c(418): warning C4996: 'strcat': This function or variable may be unsafe. Consider using strcat_s instead. To disable deprecation, use _CRT_SECURE_NO_WARNINGS. See online help for details.
                 c:\program files (x86)\microsoft visual studio 11.0\vc\include\string.h(115) : see declaration of 'strcat'
     1>d:\_subversion\seeduc\labconexao\projetos\integracaomatriculaconexao\alocacaoc\alocacaoc\alocacao.c(420): warning C4996: 'fopen': This function or variable may be unsafe. Consider using fopen_s instead. To disable deprecation, use _CRT_SECURE_NO_WARNINGS. See online help for details.
                 c:\program files (x86)\microsoft visual studio 11.0\vc\include\stdio.h(218) : see declaration of 'fopen'
     1>d:\_subversion\seeduc\labconexao\projetos\integracaomatriculaconexao\alocacaoc\alocacaoc\alocacao.c(421): warning C4996: 'strcpy': This function or variable may be unsafe. Consider using strcpy_s instead. To disable deprecation, use _CRT_SECURE_NO_WARNINGS. See online help for details.
                 c:\program files (x86)\microsoft visual studio 11.0\vc\include\string.h(110) : see declaration of 'strcpy'
     1>d:\_subversion\seeduc\labconexao\projetos\integracaomatriculaconexao\alocacaoc\alocacaoc\alocacao.c(422): warning C4996: 'strcat': This function or variable may be unsafe. Consider using strcat_s instead. To disable deprecation, use _CRT_SECURE_NO_WARNINGS. See online help for details.
                 c:\program files (x86)\microsoft visual studio 11.0\vc\include\string.h(115) : see declaration of 'strcat'
     1>d:\_subversion\seeduc\labconexao\projetos\integracaomatriculaconexao\alocacaoc\alocacaoc\alocacao.c(423): warning C4996: 'strcat': This function or variable may be unsafe. Consider using strcat_s instead. To disable deprecation, use _CRT_SECURE_NO_WARNINGS. See online help for details.
                 c:\program files (x86)\microsoft visual studio 11.0\vc\include\string.h(115) : see declaration of 'strcat'
     1>d:\_subversion\seeduc\labconexao\projetos\integracaomatriculaconexao\alocacaoc\alocacaoc\alocacao.c(435): warning C4996: 'strcpy': This function or variable may be unsafe. Consider using strcpy_s instead. To disable deprecation, use _CRT_SECURE_NO_WARNINGS. See online help for details.
                 c:\program files (x86)\microsoft visual studio 11.0\vc\include\string.h(110) : see declaration of 'strcpy'
     1>d:\_subversion\seeduc\labconexao\projetos\integracaomatriculaconexao\alocacaoc\alocacaoc\alocacao.c(412): warning C4101: 'ret' : unreferenced local variable
     1>d:\_subversion\seeduc\labconexao\projetos\integracaomatriculaconexao\alocacaoc\alocacaoc\alocacao.c(455): warning C4996: 'strcpy': This function or variable may be unsafe. Consider using strcpy_s instead. To disable deprecation, use _CRT_SECURE_NO_WARNINGS. See online help for details.
                 c:\program files (x86)\microsoft visual studio 11.0\vc\include\string.h(110) : see declaration of 'strcpy'
     1>d:\_subversion\seeduc\labconexao\projetos\integracaomatriculaconexao\alocacaoc\alocacaoc\alocacao.c(456): warning C4996: 'strcat': This function or variable may be unsafe. Consider using strcat_s instead. To disable deprecation, use _CRT_SECURE_NO_WARNINGS. See online help for details.
                 c:\program files (x86)\microsoft visual studio 11.0\vc\include\string.h(115) : see declaration of 'strcat'
     1>d:\_subversion\seeduc\labconexao\projetos\integracaomatriculaconexao\alocacaoc\alocacaoc\alocacao.c(457): warning C4996: 'strcat': This function or variable may be unsafe. Consider using strcat_s instead. To disable deprecation, use _CRT_SECURE_NO_WARNINGS. See online help for details.
                 c:\program files (x86)\microsoft visual studio 11.0\vc\include\string.h(115) : see declaration of 'strcat'
     1>d:\_subversion\seeduc\labconexao\projetos\integracaomatriculaconexao\alocacaoc\alocacaoc\alocacao.c(459): warning C4996: 'strcpy': This function or variable may be unsafe. Consider using strcpy_s instead. To disable deprecation, use _CRT_SECURE_NO_WARNINGS. See online help for details.
                 c:\program files (x86)\microsoft visual studio 11.0\vc\include\string.h(110) : see declaration of 'strcpy'
     1>d:\_subversion\seeduc\labconexao\projetos\integracaomatriculaconexao\alocacaoc\alocacaoc\alocacao.c(466): warning C4996: 'strcpy': This function or variable may be unsafe. Consider using strcpy_s instead. To disable deprecation, use _CRT_SECURE_NO_WARNINGS. See online help for details.
                 c:\program files (x86)\microsoft visual studio 11.0\vc\include\string.h(110) : see declaration of 'strcpy'
     1>d:\_subversion\seeduc\labconexao\projetos\integracaomatriculaconexao\alocacaoc\alocacaoc\alocacao.c(467): warning C4996: 'strcat': This function or variable may be unsafe. Consider using strcat_s instead. To disable deprecation, use _CRT_SECURE_NO_WARNINGS. See online help for details.
                 c:\program files (x86)\microsoft visual studio 11.0\vc\include\string.h(115) : see declaration of 'strcat'
     1>d:\_subversion\seeduc\labconexao\projetos\integracaomatriculaconexao\alocacaoc\alocacaoc\alocacao.c(468): warning C4996: 'strcat': This function or variable may be unsafe. Consider using strcat_s instead. To disable deprecation, use _CRT_SECURE_NO_WARNINGS. See online help for details.
                 c:\program files (x86)\microsoft visual studio 11.0\vc\include\string.h(115) : see declaration of 'strcat'
     1>d:\_subversion\seeduc\labconexao\projetos\integracaomatriculaconexao\alocacaoc\alocacaoc\alocacao.c(469): warning C4996: 'strcat': This function or variable may be unsafe. Consider using strcat_s instead. To disable deprecation, use _CRT_SECURE_NO_WARNINGS. See online help for details.
                 c:\program files (x86)\microsoft visual studio 11.0\vc\include\string.h(115) : see declaration of 'strcat'
     1>d:\_subversion\seeduc\labconexao\projetos\integracaomatriculaconexao\alocacaoc\alocacaoc\alocacao.c(471): warning C4996: 'strcpy': This function or variable may be unsafe. Consider using strcpy_s instead. To disable deprecation, use _CRT_SECURE_NO_WARNINGS. See online help for details.
                 c:\program files (x86)\microsoft visual studio 11.0\vc\include\string.h(110) : see declaration of 'strcpy'
     1>d:\_subversion\seeduc\labconexao\projetos\integracaomatriculaconexao\alocacaoc\alocacaoc\alocacao.c(495): warning C4996: 'strcpy': This function or variable may be unsafe. Consider using strcpy_s instead. To disable deprecation, use _CRT_SECURE_NO_WARNINGS. See online help for details.
                 c:\program files (x86)\microsoft visual studio 11.0\vc\include\string.h(110) : see declaration of 'strcpy'
     1>d:\_subversion\seeduc\labconexao\projetos\integracaomatriculaconexao\alocacaoc\alocacaoc\alocacao.c(496): warning C4996: 'strcpy': This function or variable may be unsafe. Consider using strcpy_s instead. To disable deprecation, use _CRT_SECURE_NO_WARNINGS. See online help for details.
                 c:\program files (x86)\microsoft visual studio 11.0\vc\include\string.h(110) : see declaration of 'strcpy'
     1>d:\_subversion\seeduc\labconexao\projetos\integracaomatriculaconexao\alocacaoc\alocacaoc\alocacao.c(497): warning C4996: 'strcpy': This function or variable may be unsafe. Consider using strcpy_s instead. To disable deprecation, use _CRT_SECURE_NO_WARNINGS. See online help for details.
                 c:\program files (x86)\microsoft visual studio 11.0\vc\include\string.h(110) : see declaration of 'strcpy'
     1>d:\_subversion\seeduc\labconexao\projetos\integracaomatriculaconexao\alocacaoc\alocacaoc\alocacao.c(498): warning C4996: 'strcpy': This function or variable may be unsafe. Consider using strcpy_s instead. To disable deprecation, use _CRT_SECURE_NO_WARNINGS. See online help for details.
                 c:\program files (x86)\microsoft visual studio 11.0\vc\include\string.h(110) : see declaration of 'strcpy'
     1>d:\_subversion\seeduc\labconexao\projetos\integracaomatriculaconexao\alocacaoc\alocacaoc\alocacao.c(499): warning C4996: 'strcpy': This function or variable may be unsafe. Consider using strcpy_s instead. To disable deprecation, use _CRT_SECURE_NO_WARNINGS. See online help for details.
                 c:\program files (x86)\microsoft visual studio 11.0\vc\include\string.h(110) : see declaration of 'strcpy'
     1>d:\_subversion\seeduc\labconexao\projetos\integracaomatriculaconexao\alocacaoc\alocacaoc\alocacao.c(508): warning C4996: 'strcpy': This function or variable may be unsafe. Consider using strcpy_s instead. To disable deprecation, use _CRT_SECURE_NO_WARNINGS. See online help for details.
                 c:\program files (x86)\microsoft visual studio 11.0\vc\include\string.h(110) : see declaration of 'strcpy'
     1>d:\_subversion\seeduc\labconexao\projetos\integracaomatriculaconexao\alocacaoc\alocacaoc\alocacao.c(519): warning C4996: 'strcpy': This function or variable may be unsafe. Consider using strcpy_s instead. To disable deprecation, use _CRT_SECURE_NO_WARNINGS. See online help for details.
                 c:\program files (x86)\microsoft visual studio 11.0\vc\include\string.h(110) : see declaration of 'strcpy'
     1>d:\_subversion\seeduc\labconexao\projetos\integracaomatriculaconexao\alocacaoc\alocacaoc\alocacao.c(523): warning C4996: 'strcpy': This function or variable may be unsafe. Consider using strcpy_s instead. To disable deprecation, use _CRT_SECURE_NO_WARNINGS. See online help for details.
                 c:\program files (x86)\microsoft visual studio 11.0\vc\include\string.h(110) : see declaration of 'strcpy'
     1>d:\_subversion\seeduc\labconexao\projetos\integracaomatriculaconexao\alocacaoc\alocacaoc\alocacao.c(527): warning C4996: 'strcpy': This function or variable may be unsafe. Consider using strcpy_s instead. To disable deprecation, use _CRT_SECURE_NO_WARNINGS. See online help for details.
                 c:\program files (x86)\microsoft visual studio 11.0\vc\include\string.h(110) : see declaration of 'strcpy'
     1>d:\_subversion\seeduc\labconexao\projetos\integracaomatriculaconexao\alocacaoc\alocacaoc\alocacao.c(531): warning C4996: 'strcpy': This function or variable may be unsafe. Consider using strcpy_s instead. To disable deprecation, use _CRT_SECURE_NO_WARNINGS. See online help for details.
                 c:\program files (x86)\microsoft visual studio 11.0\vc\include\string.h(110) : see declaration of 'strcpy'
     1>d:\_subversion\seeduc\labconexao\projetos\integracaomatriculaconexao\alocacaoc\alocacaoc\alocacao.c(548): warning C4996: 'strcpy': This function or variable may be unsafe. Consider using strcpy_s instead. To disable deprecation, use _CRT_SECURE_NO_WARNINGS. See online help for details.
                 c:\program files (x86)\microsoft visual studio 11.0\vc\include\string.h(110) : see declaration of 'strcpy'
     1>d:\_subversion\seeduc\labconexao\projetos\integracaomatriculaconexao\alocacaoc\alocacaoc\alocacao.c(549): warning C4996: 'strcat': This function or variable may be unsafe. Consider using strcat_s instead. To disable deprecation, use _CRT_SECURE_NO_WARNINGS. See online help for details.
                 c:\program files (x86)\microsoft visual studio 11.0\vc\include\string.h(115) : see declaration of 'strcat'
     1>d:\_subversion\seeduc\labconexao\projetos\integracaomatriculaconexao\alocacaoc\alocacaoc\alocacao.c(550): warning C4996: 'strcat': This function or variable may be unsafe. Consider using strcat_s instead. To disable deprecation, use _CRT_SECURE_NO_WARNINGS. See online help for details.
                 c:\program files (x86)\microsoft visual studio 11.0\vc\include\string.h(115) : see declaration of 'strcat'
     1>d:\_subversion\seeduc\labconexao\projetos\integracaomatriculaconexao\alocacaoc\alocacaoc\alocacao.c(552): warning C4996: 'strcpy': This function or variable may be unsafe. Consider using strcpy_s instead. To disable deprecation, use _CRT_SECURE_NO_WARNINGS. See online help for details.
                 c:\program files (x86)\microsoft visual studio 11.0\vc\include\string.h(110) : see declaration of 'strcpy'
     1>d:\_subversion\seeduc\labconexao\projetos\integracaomatriculaconexao\alocacaoc\alocacaoc\alocacao.c(561): warning C4996: 'strcpy': This function or variable may be unsafe. Consider using strcpy_s instead. To disable deprecation, use _CRT_SECURE_NO_WARNINGS. See online help for details.
                 c:\program files (x86)\microsoft visual studio 11.0\vc\include\string.h(110) : see declaration of 'strcpy'
     1>d:\_subversion\seeduc\labconexao\projetos\integracaomatriculaconexao\alocacaoc\alocacaoc\alocacao.c(562): warning C4996: 'strcpy': This function or variable may be unsafe. Consider using strcpy_s instead. To disable deprecation, use _CRT_SECURE_NO_WARNINGS. See online help for details.
                 c:\program files (x86)\microsoft visual studio 11.0\vc\include\string.h(110) : see declaration of 'strcpy'
     1>d:\_subversion\seeduc\labconexao\projetos\integracaomatriculaconexao\alocacaoc\alocacaoc\alocacao.c(563): warning C4996: 'strcpy': This function or variable may be unsafe. Consider using strcpy_s instead. To disable deprecation, use _CRT_SECURE_NO_WARNINGS. See online help for details.
                 c:\program files (x86)\microsoft visual studio 11.0\vc\include\string.h(110) : see declaration of 'strcpy'
     1>d:\_subversion\seeduc\labconexao\projetos\integracaomatriculaconexao\alocacaoc\alocacaoc\alocacao.c(564): warning C4996: 'strcpy': This function or variable may be unsafe. Consider using strcpy_s instead. To disable deprecation, use _CRT_SECURE_NO_WARNINGS. See online help for details.
                 c:\program files (x86)\microsoft visual studio 11.0\vc\include\string.h(110) : see declaration of 'strcpy'
     1>d:\_subversion\seeduc\labconexao\projetos\integracaomatriculaconexao\alocacaoc\alocacaoc\alocacao.c(565): warning C4996: 'strcpy': This function or variable may be unsafe. Consider using strcpy_s instead. To disable deprecation, use _CRT_SECURE_NO_WARNINGS. See online help for details.
                 c:\program files (x86)\microsoft visual studio 11.0\vc\include\string.h(110) : see declaration of 'strcpy'
     1>d:\_subversion\seeduc\labconexao\projetos\integracaomatriculaconexao\alocacaoc\alocacaoc\alocacao.c(569): warning C4996: 'strcpy': This function or variable may be unsafe. Consider using strcpy_s instead. To disable deprecation, use _CRT_SECURE_NO_WARNINGS. See online help for details.
                 c:\program files (x86)\microsoft visual studio 11.0\vc\include\string.h(110) : see declaration of 'strcpy'
     1>d:\_subversion\seeduc\labconexao\projetos\integracaomatriculaconexao\alocacaoc\alocacaoc\alocacao.c(570): warning C4996: 'strcat': This function or variable may be unsafe. Consider using strcat_s instead. To disable deprecation, use _CRT_SECURE_NO_WARNINGS. See online help for details.
                 c:\program files (x86)\microsoft visual studio 11.0\vc\include\string.h(115) : see declaration of 'strcat'
     1>d:\_subversion\seeduc\labconexao\projetos\integracaomatriculaconexao\alocacaoc\alocacaoc\alocacao.c(571): warning C4996: 'strcat': This function or variable may be unsafe. Consider using strcat_s instead. To disable deprecation, use _CRT_SECURE_NO_WARNINGS. See online help for details.
                 c:\program files (x86)\microsoft visual studio 11.0\vc\include\string.h(115) : see declaration of 'strcat'
     1>d:\_subversion\seeduc\labconexao\projetos\integracaomatriculaconexao\alocacaoc\alocacaoc\alocacao.c(572): warning C4996: 'strcat': This function or variable may be unsafe. Consider using strcat_s instead. To disable deprecation, use _CRT_SECURE_NO_WARNINGS. See online help for details.
                 c:\program files (x86)\microsoft visual studio 11.0\vc\include\string.h(115) : see declaration of 'strcat'
     1>d:\_subversion\seeduc\labconexao\projetos\integracaomatriculaconexao\alocacaoc\alocacaoc\alocacao.c(576): warning C4996: 'strcpy': This function or variable may be unsafe. Consider using strcpy_s instead. To disable deprecation, use _CRT_SECURE_NO_WARNINGS. See online help for details.
                 c:\program files (x86)\microsoft visual studio 11.0\vc\include\string.h(110) : see declaration of 'strcpy'
     1>d:\_subversion\seeduc\labconexao\projetos\integracaomatriculaconexao\alocacaoc\alocacaoc\alocacao.c(577): warning C4996: 'strcat': This function or variable may be unsafe. Consider using strcat_s instead. To disable deprecation, use _CRT_SECURE_NO_WARNINGS. See online help for details.
                 c:\program files (x86)\microsoft visual studio 11.0\vc\include\string.h(115) : see declaration of 'strcat'
     1>d:\_subversion\seeduc\labconexao\projetos\integracaomatriculaconexao\alocacaoc\alocacaoc\alocacao.c(578): warning C4996: 'strcat': This function or variable may be unsafe. Consider using strcat_s instead. To disable deprecation, use _CRT_SECURE_NO_WARNINGS. See online help for details.
                 c:\program files (x86)\microsoft visual studio 11.0\vc\include\string.h(115) : see declaration of 'strcat'
     1>d:\_subversion\seeduc\labconexao\projetos\integracaomatriculaconexao\alocacaoc\alocacaoc\alocacao.c(582): warning C4996: 'strcpy': This function or variable may be unsafe. Consider using strcpy_s instead. To disable deprecation, use _CRT_SECURE_NO_WARNINGS. See online help for details.
                 c:\program files (x86)\microsoft visual studio 11.0\vc\include\string.h(110) : see declaration of 'strcpy'
     1>d:\_subversion\seeduc\labconexao\projetos\integracaomatriculaconexao\alocacaoc\alocacaoc\alocacao.c(583): warning C4996: 'strcat': This function or variable may be unsafe. Consider using strcat_s instead. To disable deprecation, use _CRT_SECURE_NO_WARNINGS. See online help for details.
                 c:\program files (x86)\microsoft visual studio 11.0\vc\include\string.h(115) : see declaration of 'strcat'
     1>d:\_subversion\seeduc\labconexao\projetos\integracaomatriculaconexao\alocacaoc\alocacaoc\alocacao.c(593): warning C4996: 'strcpy': This function or variable may be unsafe. Consider using strcpy_s instead. To disable deprecation, use _CRT_SECURE_NO_WARNINGS. See online help for details.
                 c:\program files (x86)\microsoft visual studio 11.0\vc\include\string.h(110) : see declaration of 'strcpy'
     1>d:\_subversion\seeduc\labconexao\projetos\integracaomatriculaconexao\alocacaoc\alocacaoc\alocacao.c(594): warning C4996: 'strcat': This function or variable may be unsafe. Consider using strcat_s instead. To disable deprecation, use _CRT_SECURE_NO_WARNINGS. See online help for details.
                 c:\program files (x86)\microsoft visual studio 11.0\vc\include\string.h(115) : see declaration of 'strcat'
     1>d:\_subversion\seeduc\labconexao\projetos\integracaomatriculaconexao\alocacaoc\alocacaoc\alocacao.c(595): warning C4996: 'strcat': This function or variable may be unsafe. Consider using strcat_s instead. To disable deprecation, use _CRT_SECURE_NO_WARNINGS. See online help for details.
                 c:\program files (x86)\microsoft visual studio 11.0\vc\include\string.h(115) : see declaration of 'strcat'
     1>d:\_subversion\seeduc\labconexao\projetos\integracaomatriculaconexao\alocacaoc\alocacaoc\alocacao.c(596): warning C4996: 'strcat': This function or variable may be unsafe. Consider using strcat_s instead. To disable deprecation, use _CRT_SECURE_NO_WARNINGS. See online help for details.
                 c:\program files (x86)\microsoft visual studio 11.0\vc\include\string.h(115) : see declaration of 'strcat'
     1>d:\_subversion\seeduc\labconexao\projetos\integracaomatriculaconexao\alocacaoc\alocacaoc\alocacao.c(597): warning C4996: 'strcat': This function or variable may be unsafe. Consider using strcat_s instead. To disable deprecation, use _CRT_SECURE_NO_WARNINGS. See online help for details.
                 c:\program files (x86)\microsoft visual studio 11.0\vc\include\string.h(115) : see declaration of 'strcat'
     1>d:\_subversion\seeduc\labconexao\projetos\integracaomatriculaconexao\alocacaoc\alocacaoc\alocacao.c(599): warning C4996: 'strcat': This function or variable may be unsafe. Consider using strcat_s instead. To disable deprecation, use _CRT_SECURE_NO_WARNINGS. See online help for details.
                 c:\program files (x86)\microsoft visual studio 11.0\vc\include\string.h(115) : see declaration of 'strcat'
     1>d:\_subversion\seeduc\labconexao\projetos\integracaomatriculaconexao\alocacaoc\alocacaoc\alocacao.c(600): warning C4996: 'strcat': This function or variable may be unsafe. Consider using strcat_s instead. To disable deprecation, use _CRT_SECURE_NO_WARNINGS. See online help for details.
                 c:\program files (x86)\microsoft visual studio 11.0\vc\include\string.h(115) : see declaration of 'strcat'
     1>d:\_subversion\seeduc\labconexao\projetos\integracaomatriculaconexao\alocacaoc\alocacaoc\alocacao.c(601): warning C4996: 'strcat': This function or variable may be unsafe. Consider using strcat_s instead. To disable deprecation, use _CRT_SECURE_NO_WARNINGS. See online help for details.
                 c:\program files (x86)\microsoft visual studio 11.0\vc\include\string.h(115) : see declaration of 'strcat'
     1>d:\_subversion\seeduc\labconexao\projetos\integracaomatriculaconexao\alocacaoc\alocacaoc\alocacao.c(602): warning C4996: 'strcat': This function or variable may be unsafe. Consider using strcat_s instead. To disable deprecation, use _CRT_SECURE_NO_WARNINGS. See online help for details.
                 c:\program files (x86)\microsoft visual studio 11.0\vc\include\string.h(115) : see declaration of 'strcat'
     1>d:\_subversion\seeduc\labconexao\projetos\integracaomatriculaconexao\alocacaoc\alocacaoc\alocacao.c(604): warning C4996: 'strcat': This function or variable may be unsafe. Consider using strcat_s instead. To disable deprecation, use _CRT_SECURE_NO_WARNINGS. See online help for details.
                 c:\program files (x86)\microsoft visual studio 11.0\vc\include\string.h(115) : see declaration of 'strcat'
     1>d:\_subversion\seeduc\labconexao\projetos\integracaomatriculaconexao\alocacaoc\alocacaoc\alocacao.c(615): warning C4996: 'strcpy': This function or variable may be unsafe. Consider using strcpy_s instead. To disable deprecation, use _CRT_SECURE_NO_WARNINGS. See online help for details.
                 c:\program files (x86)\microsoft visual studio 11.0\vc\include\string.h(110) : see declaration of 'strcpy'
     1>d:\_subversion\seeduc\labconexao\projetos\integracaomatriculaconexao\alocacaoc\alocacaoc\alocacao.c(616): warning C4996: 'strcat': This function or variable may be unsafe. Consider using strcat_s instead. To disable deprecation, use _CRT_SECURE_NO_WARNINGS. See online help for details.
                 c:\program files (x86)\microsoft visual studio 11.0\vc\include\string.h(115) : see declaration of 'strcat'
     1>d:\_subversion\seeduc\labconexao\projetos\integracaomatriculaconexao\alocacaoc\alocacaoc\alocacao.c(617): warning C4996: 'strcat': This function or variable may be unsafe. Consider using strcat_s instead. To disable deprecation, use _CRT_SECURE_NO_WARNINGS. See online help for details.
                 c:\program files (x86)\microsoft visual studio 11.0\vc\include\string.h(115) : see declaration of 'strcat'
     1>d:\_subversion\seeduc\labconexao\projetos\integracaomatriculaconexao\alocacaoc\alocacaoc\alocacao.c(618): warning C4996: 'strcat': This function or variable may be unsafe. Consider using strcat_s instead. To disable deprecation, use _CRT_SECURE_NO_WARNINGS. See online help for details.
                 c:\program files (x86)\microsoft visual studio 11.0\vc\include\string.h(115) : see declaration of 'strcat'
     1>d:\_subversion\seeduc\labconexao\projetos\integracaomatriculaconexao\alocacaoc\alocacaoc\alocacao.c(619): warning C4996: 'strcat': This function or variable may be unsafe. Consider using strcat_s instead. To disable deprecation, use _CRT_SECURE_NO_WARNINGS. See online help for details.
                 c:\program files (x86)\microsoft visual studio 11.0\vc\include\string.h(115) : see declaration of 'strcat'
     1>d:\_subversion\seeduc\labconexao\projetos\integracaomatriculaconexao\alocacaoc\alocacaoc\alocacao.c(638): warning C4996: 'strcpy': This function or variable may be unsafe. Consider using strcpy_s instead. To disable deprecation, use _CRT_SECURE_NO_WARNINGS. See online help for details.
                 c:\program files (x86)\microsoft visual studio 11.0\vc\include\string.h(110) : see declaration of 'strcpy'
     1>d:\_subversion\seeduc\labconexao\projetos\integracaomatriculaconexao\alocacaoc\alocacaoc\alocacao.c(639): warning C4996: 'strcat': This function or variable may be unsafe. Consider using strcat_s instead. To disable deprecation, use _CRT_SECURE_NO_WARNINGS. See online help for details.
                 c:\program files (x86)\microsoft visual studio 11.0\vc\include\string.h(115) : see declaration of 'strcat'
     1>d:\_subversion\seeduc\labconexao\projetos\integracaomatriculaconexao\alocacaoc\alocacaoc\alocacao.c(640): warning C4996: 'strcat': This function or variable may be unsafe. Consider using strcat_s instead. To disable deprecation, use _CRT_SECURE_NO_WARNINGS. See online help for details.
                 c:\program files (x86)\microsoft visual studio 11.0\vc\include\string.h(115) : see declaration of 'strcat'
     1>d:\_subversion\seeduc\labconexao\projetos\integracaomatriculaconexao\alocacaoc\alocacaoc\alocacao.c(642): warning C4996: 'fopen': This function or variable may be unsafe. Consider using fopen_s instead. To disable deprecation, use _CRT_SECURE_NO_WARNINGS. See online help for details.
                 c:\program files (x86)\microsoft visual studio 11.0\vc\include\stdio.h(218) : see declaration of 'fopen'
     1>d:\_subversion\seeduc\labconexao\projetos\integracaomatriculaconexao\alocacaoc\alocacaoc\alocacao.c(652): warning C4996: 'strcpy': This function or variable may be unsafe. Consider using strcpy_s instead. To disable deprecation, use _CRT_SECURE_NO_WARNINGS. See online help for details.
                 c:\program files (x86)\microsoft visual studio 11.0\vc\include\string.h(110) : see declaration of 'strcpy'
     1>d:\_subversion\seeduc\labconexao\projetos\integracaomatriculaconexao\alocacaoc\alocacaoc\alocacao.c(653): warning C4996: 'strcat': This function or variable may be unsafe. Consider using strcat_s instead. To disable deprecation, use _CRT_SECURE_NO_WARNINGS. See online help for details.
                 c:\program files (x86)\microsoft visual studio 11.0\vc\include\string.h(115) : see declaration of 'strcat'
     1>d:\_subversion\seeduc\labconexao\projetos\integracaomatriculaconexao\alocacaoc\alocacaoc\alocacao.c(655): warning C4996: 'strcat': This function or variable may be unsafe. Consider using strcat_s instead. To disable deprecation, use _CRT_SECURE_NO_WARNINGS. See online help for details.
                 c:\program files (x86)\microsoft visual studio 11.0\vc\include\string.h(115) : see declaration of 'strcat'
     1>d:\_subversion\seeduc\labconexao\projetos\integracaomatriculaconexao\alocacaoc\alocacaoc\alocacao.c(656): warning C4996: 'strcat': This function or variable may be unsafe. Consider using strcat_s instead. To disable deprecation, use _CRT_SECURE_NO_WARNINGS. See online help for details.
                 c:\program files (x86)\microsoft visual studio 11.0\vc\include\string.h(115) : see declaration of 'strcat'
     1>d:\_subversion\seeduc\labconexao\projetos\integracaomatriculaconexao\alocacaoc\alocacaoc\alocacao.c(658): warning C4996: 'strcat': This function or variable may be unsafe. Consider using strcat_s instead. To disable deprecation, use _CRT_SECURE_NO_WARNINGS. See online help for details.
                 c:\program files (x86)\microsoft visual studio 11.0\vc\include\string.h(115) : see declaration of 'strcat'
     1>d:\_subversion\seeduc\labconexao\projetos\integracaomatriculaconexao\alocacaoc\alocacaoc\alocacao.c(659): warning C4996: 'strcat': This function or variable may be unsafe. Consider using strcat_s instead. To disable deprecation, use _CRT_SECURE_NO_WARNINGS. See online help for details.
                 c:\program files (x86)\microsoft visual studio 11.0\vc\include\string.h(115) : see declaration of 'strcat'
     1>d:\_subversion\seeduc\labconexao\projetos\integracaomatriculaconexao\alocacaoc\alocacaoc\alocacao.c(661): warning C4996: 'strcat': This function or variable may be unsafe. Consider using strcat_s instead. To disable deprecation, use _CRT_SECURE_NO_WARNINGS. See online help for details.
                 c:\program files (x86)\microsoft visual studio 11.0\vc\include\string.h(115) : see declaration of 'strcat'
     1>d:\_subversion\seeduc\labconexao\projetos\integracaomatriculaconexao\alocacaoc\alocacaoc\alocacao.c(662): warning C4996: 'strcat': This function or variable may be unsafe. Consider using strcat_s instead. To disable deprecation, use _CRT_SECURE_NO_WARNINGS. See online help for details.
                 c:\program files (x86)\microsoft visual studio 11.0\vc\include\string.h(115) : see declaration of 'strcat'
     1>d:\_subversion\seeduc\labconexao\projetos\integracaomatriculaconexao\alocacaoc\alocacaoc\alocacao.c(664): warning C4996: 'strcat': This function or variable may be unsafe. Consider using strcat_s instead. To disable deprecation, use _CRT_SECURE_NO_WARNINGS. See online help for details.
                 c:\program files (x86)\microsoft visual studio 11.0\vc\include\string.h(115) : see declaration of 'strcat'
     1>d:\_subversion\seeduc\labconexao\projetos\integracaomatriculaconexao\alocacaoc\alocacaoc\alocacao.c(665): warning C4996: 'strcat': This function or variable may be unsafe. Consider using strcat_s instead. To disable deprecation, use _CRT_SECURE_NO_WARNINGS. See online help for details.
                 c:\program files (x86)\microsoft visual studio 11.0\vc\include\string.h(115) : see declaration of 'strcat'
     1>d:\_subversion\seeduc\labconexao\projetos\integracaomatriculaconexao\alocacaoc\alocacaoc\alocacao.c(667): warning C4996: 'strcat': This function or variable may be unsafe. Consider using strcat_s instead. To disable deprecation, use _CRT_SECURE_NO_WARNINGS. See online help for details.
                 c:\program files (x86)\microsoft visual studio 11.0\vc\include\string.h(115) : see declaration of 'strcat'
     1>d:\_subversion\seeduc\labconexao\projetos\integracaomatriculaconexao\alocacaoc\alocacaoc\alocacao.c(668): warning C4996: 'strcat': This function or variable may be unsafe. Consider using strcat_s instead. To disable deprecation, use _CRT_SECURE_NO_WARNINGS. See online help for details.
                 c:\program files (x86)\microsoft visual studio 11.0\vc\include\string.h(115) : see declaration of 'strcat'
     1>d:\_subversion\seeduc\labconexao\projetos\integracaomatriculaconexao\alocacaoc\alocacaoc\alocacao.c(670): warning C4996: 'strcat': This function or variable may be unsafe. Consider using strcat_s instead. To disable deprecation, use _CRT_SECURE_NO_WARNINGS. See online help for details.
                 c:\program files (x86)\microsoft visual studio 11.0\vc\include\string.h(115) : see declaration of 'strcat'
     1>d:\_subversion\seeduc\labconexao\projetos\integracaomatriculaconexao\alocacaoc\alocacaoc\alocacao.c(671): warning C4996: 'strcat': This function or variable may be unsafe. Consider using strcat_s instead. To disable deprecation, use _CRT_SECURE_NO_WARNINGS. See online help for details.
                 c:\program files (x86)\microsoft visual studio 11.0\vc\include\string.h(115) : see declaration of 'strcat'
     1>d:\_subversion\seeduc\labconexao\projetos\integracaomatriculaconexao\alocacaoc\alocacaoc\alocacao.c(673): warning C4996: 'strcat': This function or variable may be unsafe. Consider using strcat_s instead. To disable deprecation, use _CRT_SECURE_NO_WARNINGS. See online help for details.
                 c:\program files (x86)\microsoft visual studio 11.0\vc\include\string.h(115) : see declaration of 'strcat'
     1>d:\_subversion\seeduc\labconexao\projetos\integracaomatriculaconexao\alocacaoc\alocacaoc\alocacao.c(674): warning C4996: 'strcat': This function or variable may be unsafe. Consider using strcat_s instead. To disable deprecation, use _CRT_SECURE_NO_WARNINGS. See online help for details.
                 c:\program files (x86)\microsoft visual studio 11.0\vc\include\string.h(115) : see declaration of 'strcat'
     1>d:\_subversion\seeduc\labconexao\projetos\integracaomatriculaconexao\alocacaoc\alocacaoc\alocacao.c(676): warning C4996: 'strcat': This function or variable may be unsafe. Consider using strcat_s instead. To disable deprecation, use _CRT_SECURE_NO_WARNINGS. See online help for details.
                 c:\program files (x86)\microsoft visual studio 11.0\vc\include\string.h(115) : see declaration of 'strcat'
     1>d:\_subversion\seeduc\labconexao\projetos\integracaomatriculaconexao\alocacaoc\alocacaoc\alocacao.c(677): warning C4996: 'strcat': This function or variable may be unsafe. Consider using strcat_s instead. To disable deprecation, use _CRT_SECURE_NO_WARNINGS. See online help for details.
                 c:\program files (x86)\microsoft visual studio 11.0\vc\include\string.h(115) : see declaration of 'strcat'
     1>d:\_subversion\seeduc\labconexao\projetos\integracaomatriculaconexao\alocacaoc\alocacaoc\alocacao.c(679): warning C4996: 'strcat': This function or variable may be unsafe. Consider using strcat_s instead. To disable deprecation, use _CRT_SECURE_NO_WARNINGS. See online help for details.
                 c:\program files (x86)\microsoft visual studio 11.0\vc\include\string.h(115) : see declaration of 'strcat'
     1>d:\_subversion\seeduc\labconexao\projetos\integracaomatriculaconexao\alocacaoc\alocacaoc\alocacao.c(680): warning C4996: 'strcat': This function or variable may be unsafe. Consider using strcat_s instead. To disable deprecation, use _CRT_SECURE_NO_WARNINGS. See online help for details.
                 c:\program files (x86)\microsoft visual studio 11.0\vc\include\string.h(115) : see declaration of 'strcat'
     1>d:\_subversion\seeduc\labconexao\projetos\integracaomatriculaconexao\alocacaoc\alocacaoc\alocacao.c(682): warning C4996: 'strcat': This function or variable may be unsafe. Consider using strcat_s instead. To disable deprecation, use _CRT_SECURE_NO_WARNINGS. See online help for details.
                 c:\program files (x86)\microsoft visual studio 11.0\vc\include\string.h(115) : see declaration of 'strcat'
     1>d:\_subversion\seeduc\labconexao\projetos\integracaomatriculaconexao\alocacaoc\alocacaoc\alocacao.c(683): warning C4996: 'strcat': This function or variable may be unsafe. Consider using strcat_s instead. To disable deprecation, use _CRT_SECURE_NO_WARNINGS. See online help for details.
                 c:\program files (x86)\microsoft visual studio 11.0\vc\include\string.h(115) : see declaration of 'strcat'
     1>d:\_subversion\seeduc\labconexao\projetos\integracaomatriculaconexao\alocacaoc\alocacaoc\alocacao.c(685): warning C4996: 'strcat': This function or variable may be unsafe. Consider using strcat_s instead. To disable deprecation, use _CRT_SECURE_NO_WARNINGS. See online help for details.
                 c:\program files (x86)\microsoft visual studio 11.0\vc\include\string.h(115) : see declaration of 'strcat'
     1>d:\_subversion\seeduc\labconexao\projetos\integracaomatriculaconexao\alocacaoc\alocacaoc\alocacao.c(686): warning C4996: 'strcat': This function or variable may be unsafe. Consider using strcat_s instead. To disable deprecation, use _CRT_SECURE_NO_WARNINGS. See online help for details.
                 c:\program files (x86)\microsoft visual studio 11.0\vc\include\string.h(115) : see declaration of 'strcat'
     1>d:\_subversion\seeduc\labconexao\projetos\integracaomatriculaconexao\alocacaoc\alocacaoc\alocacao.c(688): warning C4996: 'strcat': This function or variable may be unsafe. Consider using strcat_s instead. To disable deprecation, use _CRT_SECURE_NO_WARNINGS. See online help for details.
                 c:\program files (x86)\microsoft visual studio 11.0\vc\include\string.h(115) : see declaration of 'strcat'
     1>d:\_subversion\seeduc\labconexao\projetos\integracaomatriculaconexao\alocacaoc\alocacaoc\alocacao.c(707): warning C4996: 'strcpy': This function or variable may be unsafe. Consider using strcpy_s instead. To disable deprecation, use _CRT_SECURE_NO_WARNINGS. See online help for details.
                 c:\program files (x86)\microsoft visual studio 11.0\vc\include\string.h(110) : see declaration of 'strcpy'
     1>d:\_subversion\seeduc\labconexao\projetos\integracaomatriculaconexao\alocacaoc\alocacaoc\alocacao.c(708): warning C4996: 'strcat': This function or variable may be unsafe. Consider using strcat_s instead. To disable deprecation, use _CRT_SECURE_NO_WARNINGS. See online help for details.
                 c:\program files (x86)\microsoft visual studio 11.0\vc\include\string.h(115) : see declaration of 'strcat'
     1>d:\_subversion\seeduc\labconexao\projetos\integracaomatriculaconexao\alocacaoc\alocacaoc\alocacao.c(709): warning C4996: 'strcat': This function or variable may be unsafe. Consider using strcat_s instead. To disable deprecation, use _CRT_SECURE_NO_WARNINGS. See online help for details.
                 c:\program files (x86)\microsoft visual studio 11.0\vc\include\string.h(115) : see declaration of 'strcat'
     1>d:\_subversion\seeduc\labconexao\projetos\integracaomatriculaconexao\alocacaoc\alocacaoc\alocacao.c(713): warning C4996: 'strcpy': This function or variable may be unsafe. Consider using strcpy_s instead. To disable deprecation, use _CRT_SECURE_NO_WARNINGS. See online help for details.
                 c:\program files (x86)\microsoft visual studio 11.0\vc\include\string.h(110) : see declaration of 'strcpy'
     1>d:\_subversion\seeduc\labconexao\projetos\integracaomatriculaconexao\alocacaoc\alocacaoc\alocacao.c(714): warning C4996: 'strcat': This function or variable may be unsafe. Consider using strcat_s instead. To disable deprecation, use _CRT_SECURE_NO_WARNINGS. See online help for details.
                 c:\program files (x86)\microsoft visual studio 11.0\vc\include\string.h(115) : see declaration of 'strcat'
     1>d:\_subversion\seeduc\labconexao\projetos\integracaomatriculaconexao\alocacaoc\alocacaoc\alocacao.c(715): warning C4996: 'strcat': This function or variable may be unsafe. Consider using strcat_s instead. To disable deprecation, use _CRT_SECURE_NO_WARNINGS. See online help for details.
                 c:\program files (x86)\microsoft visual studio 11.0\vc\include\string.h(115) : see declaration of 'strcat'
     1>d:\_subversion\seeduc\labconexao\projetos\integracaomatriculaconexao\alocacaoc\alocacaoc\alocacao.c(725): warning C4996: 'sprintf': This function or variable may be unsafe. Consider using sprintf_s instead. To disable deprecation, use _CRT_SECURE_NO_WARNINGS. See online help for details.
                 c:\program files (x86)\microsoft visual studio 11.0\vc\include\stdio.h(357) : see declaration of 'sprintf'
     1>d:\_subversion\seeduc\labconexao\projetos\integracaomatriculaconexao\alocacaoc\alocacaoc\alocacao.c(730): warning C4996: 'sprintf': This function or variable may be unsafe. Consider using sprintf_s instead. To disable deprecation, use _CRT_SECURE_NO_WARNINGS. See online help for details.
                 c:\program files (x86)\microsoft visual studio 11.0\vc\include\stdio.h(357) : see declaration of 'sprintf'
     1>d:\_subversion\seeduc\labconexao\projetos\integracaomatriculaconexao\alocacaoc\alocacaoc\alocacao.c(735): warning C4996: 'sprintf': This function or variable may be unsafe. Consider using sprintf_s instead. To disable deprecation, use _CRT_SECURE_NO_WARNINGS. See online help for details.
                 c:\program files (x86)\microsoft visual studio 11.0\vc\include\stdio.h(357) : see declaration of 'sprintf'
     1>d:\_subversion\seeduc\labconexao\projetos\integracaomatriculaconexao\alocacaoc\alocacaoc\alocacao.c(743): warning C4996: 'sprintf': This function or variable may be unsafe. Consider using sprintf_s instead. To disable deprecation, use _CRT_SECURE_NO_WARNINGS. See online help for details.
                 c:\program files (x86)\microsoft visual studio 11.0\vc\include\stdio.h(357) : see declaration of 'sprintf'
     1>d:\_subversion\seeduc\labconexao\projetos\integracaomatriculaconexao\alocacaoc\alocacaoc\alocacao.c(703): warning C4101: 'KEY' : unreferenced local variable
     1>d:\_subversion\seeduc\labconexao\projetos\integracaomatriculaconexao\alocacaoc\alocacaoc\alocacao.c(702): warning C4101: 'iVagas' : unreferenced local variable
       Link:
         C:\Program Files (x86)\Microsoft Visual Studio 11.0\VC\bin\link.exe /ERRORREPORT:PROMPT /OUT:"D:\_SubVersion\SEEDUC\LabConexao\Projetos\IntegracaoMatriculaConexao\AlocacaoC\Debug\AlocacaoC.exe" /INCREMENTAL /NOLOGO kernel32.lib user32.lib gdi32.lib winspool.lib comdlg32.lib advapi32.lib shell32.lib ole32.lib oleaut32.lib uuid.lib odbc32.lib odbccp32.lib /MANIFEST /MANIFESTUAC:"level='asInvoker' uiAccess='false'" /manifest:embed /DEBUG /PDB:"D:\_SubVersion\SEEDUC\LabConexao\Projetos\IntegracaoMatriculaConexao\AlocacaoC\Debug\AlocacaoC.pdb" /SUBSYSTEM:CONSOLE /TLBID:1 /DYNAMICBASE /NXCOMPAT /IMPLIB:"D:\_SubVersion\SEEDUC\LabConexao\Projetos\IntegracaoMatriculaConexao\AlocacaoC\Debug\AlocacaoC.lib" /MACHINE:X86 Debug\alocacao.obj
         Debug\hashtable.obj
         AlocacaoC.vcxproj -> D:\_SubVersion\SEEDUC\LabConexao\Projetos\IntegracaoMatriculaConexao\AlocacaoC\Debug\AlocacaoC.exe
     1>Done Building Project "D:\_SubVersion\SEEDUC\LabConexao\Projetos\IntegracaoMatriculaConexao\AlocacaoC\AlocacaoC\AlocacaoC.vcxproj" (Build target(s)).

Build succeeded.

Time Elapsed 00:00:03.21
